<?xml version="1.0" encoding="UTF-8"?>
<!-- Generated by org.testng.reporters.JUnitReportReporter -->
<testsuite skipped="0" hostname="DESKTOP-04E1DVJ" name="test.Testcase1" tests="1" failures="0" timestamp="04 Oct 2018 06:20:37 GMT" time="0.823" errors="0">
  <testcase name="readDataFromExcel" time="0.823" classname="test.Testcase1"/>
</testsuite> <!-- test.Testcase1 -->
