<?xml version="1.0" encoding="UTF-8"?>
<!-- Generated by org.testng.reporters.JUnitReportReporter -->
<testsuite skipped="0" hostname="DESKTOP-04E1DVJ" name="test.CucumberTestRunner" tests="1" failures="0" timestamp="05 Oct 2018 11:00:29 GMT" time="0.010" errors="0">
  <testcase name="test" time="0.010" classname="test.CucumberTestRunner"/>
</testsuite> <!-- test.CucumberTestRunner -->
