<?xml version="1.0" encoding="UTF-8"?>
<!-- Generated by org.testng.reporters.JUnitReportReporter -->
<testsuite skipped="0" hostname="DESKTOP-04E1DVJ" name="cucumberTest.SeleniumTest" tests="3" failures="0" timestamp="05 Oct 2018 09:50:49 GMT" time="21.289" errors="0">
  <testcase name="openBrowser" time="3.376" classname="cucumberTest.SeleniumTest"/>
  <testcase name="openWebsite" time="15.513" classname="cucumberTest.SeleniumTest"/>
  <testcase name="login" time="2.400" classname="cucumberTest.SeleniumTest"/>
</testsuite> <!-- cucumberTest.SeleniumTest -->
